C:\USERS\ANANTH\DROPBOX\PROJECTS\SUDOKUSOLVER\SUDOKUSOLVER\X64\DEBUG\SUDOKUSOLVER.PCH
C:\USERS\ANANTH\DROPBOX\PROJECTS\SUDOKUSOLVER\SUDOKUSOLVER\X64\DEBUG\STDAFX.OBJ
C:\USERS\ANANTH\DROPBOX\PROJECTS\SUDOKUSOLVER\SUDOKUSOLVER\X64\DEBUG\VC110.PDB
C:\USERS\ANANTH\DROPBOX\PROJECTS\SUDOKUSOLVER\SUDOKUSOLVER\X64\DEBUG\TESTS1.OBJ
C:\USERS\ANANTH\DROPBOX\PROJECTS\SUDOKUSOLVER\SUDOKUSOLVER\X64\DEBUG\SUDOKUSOLVER.OBJ
C:\Users\Ananth\Dropbox\Projects\SudokuSolver\SudokuSolver\x64\Debug\stdafx.obj
C:\Users\Ananth\Dropbox\Projects\SudokuSolver\SudokuSolver\x64\Debug\SudokuSolver.obj
C:\Users\Ananth\Dropbox\Projects\SudokuSolver\SudokuSolver\x64\Debug\tests1.obj
C:\Users\Ananth\Dropbox\Projects\SudokuSolver\SudokuSolver\x64\Debug\cl.command.1.tlog
C:\Users\Ananth\Dropbox\Projects\SudokuSolver\SudokuSolver\x64\Debug\CL.read.1.tlog
C:\Users\Ananth\Dropbox\Projects\SudokuSolver\SudokuSolver\x64\Debug\CL.write.1.tlog
C:\Users\Ananth\Dropbox\Projects\SudokuSolver\SudokuSolver\x64\Debug\link-cvtres.read.1.tlog
C:\Users\Ananth\Dropbox\Projects\SudokuSolver\SudokuSolver\x64\Debug\link-cvtres.write.1.tlog
C:\Users\Ananth\Dropbox\Projects\SudokuSolver\SudokuSolver\x64\Debug\link-rc.read.1.tlog
C:\Users\Ananth\Dropbox\Projects\SudokuSolver\SudokuSolver\x64\Debug\link-rc.write.1.tlog
C:\Users\Ananth\Dropbox\Projects\SudokuSolver\SudokuSolver\x64\Debug\link.command.1.tlog
C:\Users\Ananth\Dropbox\Projects\SudokuSolver\SudokuSolver\x64\Debug\link.read.1.tlog
C:\Users\Ananth\Dropbox\Projects\SudokuSolver\SudokuSolver\x64\Debug\link.write.1.tlog
C:\Users\Ananth\Dropbox\Projects\SudokuSolver\SudokuSolver\x64\Debug\SudokuSolver.pch
C:\Users\Ananth\Dropbox\Projects\SudokuSolver\SudokuSolver\x64\Debug\vc110.idb
C:\Users\Ananth\Dropbox\Projects\SudokuSolver\SudokuSolver\x64\Debug\vc110.pdb
C:\Users\Ananth\Dropbox\Projects\SudokuSolver\x64\Debug\SudokuSolver.pdb
